d:\dev\c++\grub\grubcore\debug\grubcore.pdb
d:\dev\c++\grub\grubcore\debug\grubcore.idb
d:\dev\c++\grub\grubcore\debug\abstractwindow.obj
d:\dev\c++\grub\grubcore\debug\camera.obj
d:\dev\c++\grub\grubcore\debug\chunk.obj
d:\dev\c++\grub\grubcore\debug\clock.obj
d:\dev\c++\grub\grubcore\debug\glcamera.obj
d:\dev\c++\grub\grubcore\debug\loadshaders.obj
d:\dev\c++\grub\grubcore\debug\logger.obj
d:\dev\c++\grub\grubcore\debug\main.obj
d:\dev\c++\grub\grubcore\debug\grub.obj
d:\dev\c++\grub\grubcore\debug\openglwindow.obj
d:\dev\c++\grub\grubcore\debug\timer.obj
d:\dev\c++\grub\debug\grubcore.lib
d:\dev\c++\grub\debug\grubcore.pdb
d:\dev\c++\grub\grubcore\debug\grubcore.tlog\cl.command.1.tlog
d:\dev\c++\grub\grubcore\debug\grubcore.tlog\cl.read.1.tlog
d:\dev\c++\grub\grubcore\debug\grubcore.tlog\cl.write.1.tlog
d:\dev\c++\grub\grubcore\debug\grubcore.tlog\lib-link.read.1.tlog
d:\dev\c++\grub\grubcore\debug\grubcore.tlog\lib-link.write.1.tlog
d:\dev\c++\grub\grubcore\debug\grubcore.tlog\lib.command.1.tlog
