  OpenGLWindow.cpp
d:\dev\c++\grub\grubcore\openglwindow.cpp(22): warning C4244: 'argument': conversion from 'const float' to 'int', possible loss of data
  Input.cpp
d:\dev\c++\grub\grubcore\input.cpp(59): warning C4018: '<': signed/unsigned mismatch
d:\dev\c++\grub\grubcore\input.cpp(70): warning C4018: '<': signed/unsigned mismatch
d:\dev\c++\grub\grubcore\input.cpp(81): warning C4018: '<': signed/unsigned mismatch
d:\dev\c++\grub\grubcore\input.cpp(92): warning C4018: '<': signed/unsigned mismatch
d:\dev\c++\grub\grubcore\input.cpp(103): warning C4018: '<': signed/unsigned mismatch
d:\dev\c++\grub\grubcore\input.cpp(114): warning C4018: '<': signed/unsigned mismatch
d:\dev\c++\grub\grubcore\input.cpp(125): warning C4018: '<': signed/unsigned mismatch
  Grub.cpp
d:\dev\c++\grub\grubcore\grub.cpp(40): warning C4244: 'argument': conversion from 'double' to 'float', possible loss of data
  Generating Code...
  Compiling...
  GLChunkRenderer.cpp
d:\dev\c++\grub\grubcore\glchunkrenderer.h(20): warning C4114: same type qualifier used more than once
d:\dev\c++\grub\grubcore\glchunkrenderer.cpp(3): warning C4114: same type qualifier used more than once
  AbstractWindow.cpp
  Generating Code...
  Skipping... (no relevant changes detected)
  ChunkManager.cpp
  Chunk.cpp
  GrubCore.vcxproj -> D:\Dev\C++\Grub\Debug\GrubCore.lib
